<?xml version="1.0" encoding="UTF-8" ?>
<testsuite tests="7" failures="0" name="com.lee1.pojo.MyBatisTest" time="2.31" errors="0" skipped="0">
  <properties>
[...]
</properties>
  <testcase classname="com.lee1.pojo.MyBatisTest" name="testSelectByCondition" time="1.474"/>
  <testcase classname="com.lee1.pojo.MyBatisTest" name="testDeleteByIds" time="0.213"/>
  <testcase classname="com.lee1.pojo.MyBatisTest" name="testAdd" time="0.131"/>
  <testcase classname="com.lee1.pojo.MyBatisTest" name="testSelectAll" time="0.132"/>
  <testcase classname="com.lee1.pojo.MyBatisTest" name="testDeleteById" time="0.129"/>
  <testcase classname="com.lee1.pojo.MyBatisTest" name="testUpdate" time="0.113"/>
  <testcase classname="com.lee1.pojo.MyBatisTest" name="testSelectById" time="0.118"/>
</testsuite>